Arguments: 
  /home/rick/.nvm/versions/node/v19.9.0/bin/node /home/rick/.nvm/versions/node/v19.9.0/bin/yarn

PATH: 
  /home/rick/bin:/home/rick/.vscode-server/bin/abd2f3db4bdb28f9e95536dfa84d8479f1eb312d/bin/remote-cli:/home/rick/.local/share/solana/install/active_release/bin:/home/rick/.local/bin:/home/rick/bin:/home/rick/.cargo/bin:/home/rick/bin:/home/rick/.nvm/versions/node/v19.9.0/bin:/usr/local/sbin:/usr/local/bin:/usr/sbin:/usr/bin:/sbin:/bin:/usr/games:/usr/local/games:/usr/lib/wsl/lib:/mnt/c/Program Files (x86)/Common Files/Oracle/Java/javapath:/mnt/c/Program Files/Eclipse Adoptium/jdk-11.0.17.8-hotspot/bin:/mnt/c/Windows/system32:/mnt/c/Windows:/mnt/c/Windows/System32/Wbem:/mnt/c/Windows/System32/WindowsPowerShell/v1.0/:/mnt/c/Windows/System32/OpenSSH/:/mnt/c/Program Files (x86)/NVIDIA Corporation/PhysX/Common:/mnt/c/Program Files/NVIDIA Corporation/NVIDIA NvDLISR:/mnt/c/Program Files/Git/cmd:/mnt/c/Program Files/Inkscape/bin:/mnt/c/Users/Rick/AppData/Local/Packages/PythonSoftwareFoundation.Python.3.10_qbz5n2kfra8p0/LocalCache/local-packages/Python310/Scripts:/mnt/c/Program Files/dotnet/:/mnt/c/Program Files/Docker/Docker/resources/bin:/mnt/c/ProgramData/DockerDesktop/version-bin:/mnt/c/Program Files/PuTTY/:/mnt/c/Program Files/Filestar:/mnt/c/ProgramData/Filestar/aliases:/mnt/c/Users/Rick/AppData/Local/Microsoft/WindowsApps:/mnt/c/Users/Rick/AppData/Local/Programs/Microsoft VS Code/bin:/mnt/c/Users/Rick/AppData/Local/GitHubDesktop/bin:/mnt/c/Program Files (x86)/Nmap:/mnt/c/Users/Rick/.dotnet/tools:/snap/bin

Yarn version: 
  1.22.19

Node version: 
  19.9.0

Platform: 
  linux x64

Trace: 
  Error: ENOENT: no such file or directory, open '/home/rick/.cache/yarn/v6/npm-@aws-sdk-credential-provider-http-3.422.0-bf72a0dd6b2d7af206e95ffc36ffa724675e3df7-integrity/node_modules/@aws-sdk/credential-provider-http/.yarn-metadata.json'

npm manifest: 
  {
    "name": "rpg-bot",
    "version": "1.0.0",
    "description": "",
    "main": "src/server.ts",
    "scripts": {
      "build": "tsc",
      "start": "node -r dotenv/config ./prod/index.js"
    },
    "author": "",
    "license": "ISC",
    "dependencies": {
      "@discordjs/builders": "^1.3.0",
      "@discordjs/rest": "^1.3.0",
      "common-tags": "^1.8.2",
      "discord-api-types": "^0.37.16",
      "discord.js": "^14.6.0",
      "dotenv": "^16.0.3",
      "lodash.clonedeep": "^4.5.0",
      "mongoose": "^6.7.0",
      "random-js": "^2.1.0"
    },
    "devDependencies": {
      "@types/common-tags": "^1.8.1",
      "@types/lodash.clonedeep": "^4.5.7",
      "@types/node": "^18.11.9",
      "typescript": "^4.8.4"
    }
  }

yarn manifest: 
  No manifest

Lockfile: 
  No lockfile
